********************************************************************************
product = WebSphere Application Server 8.5.5.3 (wlp-1.0.6.cl50320140731-0257)
wlp.install.dir = /Users/blakeball/Downloads/eclipse 2/plugins/com.worklight.worklight-artifacts_6.3.0.00-20141127-1357/liberty/wlp/
server.config.dir = /Users/blakeball/workspace/ReadyAppsWorkspace/Ready.App.2.Summit/MobileFirstServerConfig/servers/worklight/
java.home = /Library/Java/JavaVirtualMachines/jdk1.7.0_65.jdk/Contents/Home/jre
java.version = 1.7.0_65
java.runtime = Java(TM) SE Runtime Environment (1.7.0_65-b17)
os = Mac OS X (10.10.1; x86_64) (en_US)
********************************************************************************
[1/20/15 15:00:35:252 CST] 00000001 com.ibm.ws.logging.internal.TraceSpecification               I TRAS0018I: The trace state has been changed. The new trace state is *=info.
[1/20/15 15:00:35:271 CST] 00000001 com.ibm.ws.kernel.launch.internal.FrameworkManager           A CWWKE0001I: The server worklight has been launched.
[1/20/15 15:00:36:927 CST] 00000001 com.ibm.ws.kernel.launch.internal.FrameworkManager           I CWWKE0002I: The kernel started after 1.836 seconds
[1/20/15 15:00:36:956 CST] 00000017 com.ibm.ws.kernel.feature.internal.FeatureManager            I CWWKF0007I: Feature update started.
[1/20/15 15:00:37:724 CST] 00000011 com.ibm.ws.security.internal.SecurityReadyServiceImpl        I CWWKS0007I: The security service is starting...
[1/20/15 15:00:38:220 CST] 00000011 com.ibm.ws.app.manager.internal.monitor.DropinMonitor        A CWWKZ0058I: Monitoring dropins for applications. 
[1/20/15 15:00:38:472 CST] 00000023 com.ibm.ws.tcpchannel.internal.TCPChannel                    I CWWKO0219I: TCP Channel defaultHttpEndpoint has been started and is now listening for requests on host *  (IPv6) port 10080.
[1/20/15 15:00:38:480 CST] 00000023 com.ibm.ws.tcpchannel.internal.TCPChannel                    I CWWKO0219I: TCP Channel defaultHttpEndpoint-ssl has been started and is now listening for requests on host *  (IPv6) port 10443.
[1/20/15 15:00:38:705 CST] 00000027 com.ibm.ws.security.internal.SecurityReadyServiceImpl        I CWWKS0008I: The security service is ready.
[1/20/15 15:00:38:706 CST] 00000027 com.ibm.ws.security.token.ltpa.internal.LTPAKeyCreator       I CWWKS4105I: LTPA configuration is ready after 0.099 seconds.
[1/20/15 15:00:38:941 CST] 0000002c com.ibm.ws.app.manager.AppMessageHelper                      I CWWKZ0018I: Starting application WorklightAnalytics.
[1/20/15 15:00:38:941 CST] 0000002d com.ibm.ws.app.manager.AppMessageHelper                      I CWWKZ0018I: Starting application WorklightAnalyticsServices.
[1/20/15 15:00:38:941 CST] 00000030 com.ibm.ws.app.manager.AppMessageHelper                      I CWWKZ0018I: Starting application WorklightConsole.
[1/20/15 15:00:38:941 CST] 0000002f com.ibm.ws.app.manager.AppMessageHelper                      I CWWKZ0018I: Starting application WorklightServices.
[1/20/15 15:00:38:941 CST] 0000002e com.ibm.ws.app.manager.AppMessageHelper                      I CWWKZ0018I: Starting application ReadyAppsSummit.
[1/20/15 15:00:38:941 CST] 0000002b com.ibm.ws.app.manager.AppMessageHelper                      I CWWKZ0018I: Starting application _MobileBrowserSimulator.
[1/20/15 15:00:39:275 CST] 0000002b com.ibm.ws.webcontainer.osgi.webapp.WebGroup                 I SRVE0169I: Loading Web Module: _MobileBrowserSimulator.
[1/20/15 15:00:39:275 CST] 00000029 com.ibm.ws.webcontainer.osgi.webapp.WebGroup                 I SRVE0169I: Loading Web Module: IBMJMXConnectorREST.
[1/20/15 15:00:39:275 CST] 0000002e com.ibm.ws.webcontainer.osgi.webapp.WebGroup                 I SRVE0169I: Loading Web Module: Worklight.
[1/20/15 15:00:39:276 CST] 0000002b com.ibm.ws.webcontainer                                      I SRVE0250I: Web Module _MobileBrowserSimulator has been bound to default_host.
[1/20/15 15:00:39:276 CST] 0000002e com.ibm.ws.webcontainer                                      I SRVE0250I: Web Module Worklight has been bound to default_host.
[1/20/15 15:00:39:276 CST] 00000029 com.ibm.ws.webcontainer                                      I SRVE0250I: Web Module IBMJMXConnectorREST has been bound to default_host.
[1/20/15 15:00:39:281 CST] 0000002b com.ibm.ws.http.internal.VirtualHostImpl                     A CWWKT0016I: Web application available (default_host): http://192.168.56.1:10080/_MobileBrowserSimulator/
[1/20/15 15:00:39:281 CST] 00000029 com.ibm.ws.http.internal.VirtualHostImpl                     A CWWKT0016I: Web application available (default_host): http://192.168.56.1:10080/IBMJMXConnectorREST/
[1/20/15 15:00:39:283 CST] 0000002e com.ibm.ws.http.internal.VirtualHostImpl                     A CWWKT0016I: Web application available (default_host): http://192.168.56.1:10080/ReadyAppsSummit/
[1/20/15 15:00:39:410 CST] 0000002b com.ibm.ws.session.WASSessionCore                            I SESN8501I: The session manager did not find a persistent storage location; HttpSession objects will be stored in the local application server's memory.
[1/20/15 15:00:39:416 CST] 00000030 m.ibm.ws.container.service.app.deploy.ManifestClassPathUtils W SRVE9967W: The manifest class path jaxb-api.jar can not be found in jar file wsjar:file:/Users/blakeball/workspace/ReadyAppsWorkspace/Ready.App.2.Summit/MobileFirstServerConfig/servers/worklight/apps/worklight-management-ui.war!/WEB-INF/lib/jaxb-impl-2.1.12.osgi.jar or its parent.
[1/20/15 15:00:39:417 CST] 00000030 m.ibm.ws.container.service.app.deploy.ManifestClassPathUtils W SRVE9967W: The manifest class path activation.jar can not be found in jar file wsjar:file:/Users/blakeball/workspace/ReadyAppsWorkspace/Ready.App.2.Summit/MobileFirstServerConfig/servers/worklight/apps/worklight-management-ui.war!/WEB-INF/lib/jaxb-impl-2.1.12.osgi.jar or its parent.
[1/20/15 15:00:39:417 CST] 00000030 m.ibm.ws.container.service.app.deploy.ManifestClassPathUtils W SRVE9967W: The manifest class path jsr173_1.0_api.jar can not be found in jar file wsjar:file:/Users/blakeball/workspace/ReadyAppsWorkspace/Ready.App.2.Summit/MobileFirstServerConfig/servers/worklight/apps/worklight-management-ui.war!/WEB-INF/lib/jaxb-impl-2.1.12.osgi.jar or its parent.
[1/20/15 15:00:39:417 CST] 00000030 m.ibm.ws.container.service.app.deploy.ManifestClassPathUtils W SRVE9967W: The manifest class path jaxb1-impl.jar can not be found in jar file wsjar:file:/Users/blakeball/workspace/ReadyAppsWorkspace/Ready.App.2.Summit/MobileFirstServerConfig/servers/worklight/apps/worklight-management-ui.war!/WEB-INF/lib/jaxb-impl-2.1.12.osgi.jar or its parent.
[1/20/15 15:00:39:419 CST] 0000002b com.ibm.ws.session.WASSessionCore                            I SESN0176I: A new session context will be created for application key default_host/_MobileBrowserSimulator
[1/20/15 15:00:39:419 CST] 0000002e com.ibm.ws.session.WASSessionCore                            I SESN0176I: A new session context will be created for application key default_host/ReadyAppsSummit
[1/20/15 15:00:39:437 CST] 0000002b com.ibm.ws.util                                              I SESN0172I: The session manager is using the Java default SecureRandom implementation for session ID generation.
[1/20/15 15:00:39:449 CST] 0000002e com.ibm.ws.util                                              I SESN0172I: The session manager is using the Java default SecureRandom implementation for session ID generation.
[1/20/15 15:00:39:454 CST] 00000029 com.ibm.ws.session.WASSessionCore                            I SESN0176I: A new session context will be created for application key default_host/IBMJMXConnectorREST
[1/20/15 15:00:39:454 CST] 00000029 com.ibm.ws.util                                              I SESN0172I: The session manager is using the Java default SecureRandom implementation for session ID generation.
[1/20/15 15:00:39:514 CST] 0000002b com.ibm.ws.app.manager.AppMessageHelper                      A CWWKZ0001I: Application _MobileBrowserSimulator started in 0.573 seconds.
[1/20/15 15:00:39:540 CST] 00000030 m.ibm.ws.container.service.app.deploy.ManifestClassPathUtils W SRVE9967W: The manifest class path jaxb-api.jar can not be found in jar file wsjar:file:/Users/blakeball/workspace/ReadyAppsWorkspace/Ready.App.2.Summit/MobileFirstServerConfig/servers/worklight/apps/worklight-management-ui.war!/WEB-INF/lib/jaxb-impl-2.1.12.osgi.jar or its parent.
[1/20/15 15:00:39:540 CST] 00000030 m.ibm.ws.container.service.app.deploy.ManifestClassPathUtils W SRVE9967W: The manifest class path activation.jar can not be found in jar file wsjar:file:/Users/blakeball/workspace/ReadyAppsWorkspace/Ready.App.2.Summit/MobileFirstServerConfig/servers/worklight/apps/worklight-management-ui.war!/WEB-INF/lib/jaxb-impl-2.1.12.osgi.jar or its parent.
[1/20/15 15:00:39:540 CST] 00000030 m.ibm.ws.container.service.app.deploy.ManifestClassPathUtils W SRVE9967W: The manifest class path jsr173_1.0_api.jar can not be found in jar file wsjar:file:/Users/blakeball/workspace/ReadyAppsWorkspace/Ready.App.2.Summit/MobileFirstServerConfig/servers/worklight/apps/worklight-management-ui.war!/WEB-INF/lib/jaxb-impl-2.1.12.osgi.jar or its parent.
[1/20/15 15:00:39:541 CST] 00000030 m.ibm.ws.container.service.app.deploy.ManifestClassPathUtils W SRVE9967W: The manifest class path jaxb1-impl.jar can not be found in jar file wsjar:file:/Users/blakeball/workspace/ReadyAppsWorkspace/Ready.App.2.Summit/MobileFirstServerConfig/servers/worklight/apps/worklight-management-ui.war!/WEB-INF/lib/jaxb-impl-2.1.12.osgi.jar or its parent.
[1/20/15 15:00:39:935 CST] 00000029 apache.wink.server.internal.application.ApplicationProcessor I The following JAX-RS application has been processed: com.ibm.ws.jaxrs.webcontainer.JAXRSDefaultApplicationSubclassProxy
[1/20/15 15:00:39:936 CST] 00000029 org.apache.wink.server.internal.log.Resources                I The server has registered the JAX-RS resource class com.ibm.ws.jmx.connector.server.rest.resources.FileTransferRouterResource with @Path(/fileTransfer/router/{filePath}).
[1/20/15 15:00:39:936 CST] 00000029 org.apache.wink.server.internal.log.Resources                I The server has registered the JAX-RS resource class com.ibm.ws.jmx.connector.server.rest.resources.AttributeResource with @Path(/mbeans/{objectName}/attributes).
[1/20/15 15:00:39:936 CST] 00000029 org.apache.wink.server.internal.log.Resources                I The server has registered the JAX-RS resource class com.ibm.ws.jmx.connector.server.rest.resources.FileTransferResource with @Path(/fileTransfer/{filePath}).
[1/20/15 15:00:39:937 CST] 00000029 org.apache.wink.server.internal.log.Resources                I The server has registered the JAX-RS resource class com.ibm.ws.jmx.connector.server.rest.resources.NotificationResource with @Path(/notifications).
[1/20/15 15:00:39:937 CST] 00000029 org.apache.wink.server.internal.log.Resources                I The server has registered the JAX-RS resource class com.ibm.ws.jmx.connector.server.rest.resources.FileStatusResource with @Path(/file/status).
[1/20/15 15:00:39:937 CST] 00000029 org.apache.wink.server.internal.log.Resources                I The server has registered the JAX-RS resource class com.ibm.ws.jmx.connector.server.rest.resources.MBeanRouterResource with @Path(/router).
[1/20/15 15:00:39:937 CST] 00000029 org.apache.wink.server.internal.log.Resources                I The server has registered the JAX-RS resource class com.ibm.ws.jmx.connector.server.rest.resources.MBeanResource with @Path(/mbeans).
[1/20/15 15:00:39:938 CST] 00000029 org.apache.wink.server.internal.log.Resources                I The server has registered the JAX-RS resource class com.ibm.ws.jmx.connector.server.rest.resources.FileResource with @Path(/file/{filePath}).
[1/20/15 15:00:39:938 CST] 00000029 org.apache.wink.server.internal.log.Resources                I The server has registered the JAX-RS resource class com.ibm.ws.jmx.connector.server.rest.resources.JMXResource with @Path().
[1/20/15 15:00:39:940 CST] 00000029 org.apache.wink.server.internal.log.Providers                I The class com.ibm.ws.jmx.connector.server.rest.providers.JSONErrorOutputStreamProvider was registered as a JAX-RS MessageBodyWriter provider for com.ibm.ws.jmx.connector.server.rest.providers.JSONErrorOutputStream Java types and application/json media types.
[1/20/15 15:00:40:372 CST] 00000029 com.ibm.ws.webcontainer.servlet                              I SRVE0242I: [com.ibm.ws.jmx.connector.server.rest] [/IBMJMXConnectorREST] [MBeanServerConnector]: Initialization successful.
[1/20/15 15:00:41:046 CST] 0000002c com.ibm.ws.webcontainer.osgi.webapp.WebGroup                 I SRVE0169I: Loading Web Module: analytics.
[1/20/15 15:00:41:046 CST] 0000002c com.ibm.ws.webcontainer                                      I SRVE0250I: Web Module analytics has been bound to default_host.
[1/20/15 15:00:41:047 CST] 0000002c com.ibm.ws.http.internal.VirtualHostImpl                     A CWWKT0016I: Web application available (default_host): http://192.168.56.1:10080/worklight-analytics/
[1/20/15 15:00:41:328 CST] 0000002c com.ibm.ws.session.WASSessionCore                            I SESN0176I: A new session context will be created for application key default_host/worklight-analytics
[1/20/15 15:00:41:328 CST] 0000002c com.ibm.ws.util                                              I SESN0172I: The session manager is using the Java default SecureRandom implementation for session ID generation.
[1/20/15 15:00:41:599 CST] 0000002c com.ibm.ws.webcontainer.servlet                              I SRVE0242I: [WorklightAnalytics] [/worklight-analytics] [utilityServlet]: Initialization successful.
[1/20/15 15:00:41:600 CST] 0000002c com.ibm.ws.webcontainer.servlet                              I SRVE0242I: [WorklightAnalytics] [/worklight-analytics] [servicesServlet]: Initialization successful.
[1/20/15 15:00:41:600 CST] 0000002c com.ibm.ws.app.manager.AppMessageHelper                      A CWWKZ0001I: Application WorklightAnalytics started in 2.659 seconds.
[1/20/15 15:00:41:878 CST] 00000030 com.ibm.ws.webcontainer.osgi.webapp.WebGroup                 I SRVE0169I: Loading Web Module: Worklight Console.
[1/20/15 15:00:41:878 CST] 00000030 com.ibm.ws.webcontainer                                      I SRVE0250I: Web Module Worklight Console has been bound to default_host.
[1/20/15 15:00:41:878 CST] 00000030 com.ibm.ws.http.internal.VirtualHostImpl                     A CWWKT0016I: Web application available (default_host): http://192.168.56.1:10080/worklightconsole/
[1/20/15 15:00:41:947 CST] 00000030 com.ibm.ws.session.WASSessionCore                            I SESN0176I: A new session context will be created for application key default_host/worklightconsole
[1/20/15 15:00:41:947 CST] 00000030 com.ibm.ws.util                                              I SESN0172I: The session manager is using the Java default SecureRandom implementation for session ID generation.
[1/20/15 15:00:41:983 CST] 00000030 com.ibm.ws.webcontainer.servlet                              I SRVE0242I: [WorklightConsole] [/worklightconsole] [servicesServlet]: Initialization successful.
[1/20/15 15:00:41:984 CST] 00000030 com.ibm.ws.app.manager.AppMessageHelper                      A CWWKZ0001I: Application WorklightConsole started in 3.043 seconds.
[1/20/15 15:00:42:616 CST] 0000002e com.worklight.common.util.JNDIFromPropertiesUtil             I Using JNDI configuration conf/jndi/default.properties
[1/20/15 15:00:42:621 CST] 0000002f com.ibm.ws.webcontainer.osgi.webapp.WebGroup                 I SRVE0169I: Loading Web Module: Worklight Administration Services.
[1/20/15 15:00:42:622 CST] 0000002f com.ibm.ws.webcontainer                                      I SRVE0250I: Web Module Worklight Administration Services has been bound to default_host.
[1/20/15 15:00:42:622 CST] 0000002f com.ibm.ws.http.internal.VirtualHostImpl                     A CWWKT0016I: Web application available (default_host): http://192.168.56.1:10080/worklightadmin/
[1/20/15 15:00:42:682 CST] 0000002f com.ibm.ws.injectionengine.AbstractInjectionEngine           W CWNEN0070W: The javax.ws.rs.core.Context annotation class will not be recognized because it was loaded from the null location rather than from a product class loader.
[1/20/15 15:00:42:683 CST] 0000002f com.ibm.ws.injectionengine.AbstractInjectionEngine           W CWNEN0070W: The javax.ws.rs.CookieParam annotation class will not be recognized because it was loaded from the null location rather than from a product class loader.
[1/20/15 15:00:42:683 CST] 0000002f com.ibm.ws.injectionengine.AbstractInjectionEngine           W CWNEN0070W: The javax.ws.rs.MatrixParam annotation class will not be recognized because it was loaded from the null location rather than from a product class loader.
[1/20/15 15:00:42:683 CST] 0000002f com.ibm.ws.injectionengine.AbstractInjectionEngine           W CWNEN0070W: The javax.ws.rs.PathParam annotation class will not be recognized because it was loaded from the null location rather than from a product class loader.
[1/20/15 15:00:42:685 CST] 0000002f com.ibm.ws.injectionengine.AbstractInjectionEngine           W CWNEN0070W: The javax.ws.rs.QueryParam annotation class will not be recognized because it was loaded from the null location rather than from a product class loader.
[1/20/15 15:00:42:685 CST] 0000002f com.ibm.ws.injectionengine.AbstractInjectionEngine           W CWNEN0070W: The javax.ws.rs.HeaderParam annotation class will not be recognized because it was loaded from the null location rather than from a product class loader.
[1/20/15 15:00:42:699 CST] 0000002f com.ibm.ws.session.WASSessionCore                            I SESN0176I: A new session context will be created for application key default_host/worklightadmin
[1/20/15 15:00:42:699 CST] 0000002f com.ibm.ws.util                                              I SESN0172I: The session manager is using the Java default SecureRandom implementation for session ID generation.
[1/20/15 15:00:42:708 CST] 0000002e com.worklight.server.bundle.api.WorklightConfiguration       I FWLSE4006I: IBM MobileFirst Platform Studio is running in 'development' mode. [project ReadyAppsSummit]
[1/20/15 15:00:42:711 CST] 0000003a com.worklight.server.bundle.project.JeeProjectActivator      I FWLST0022I: Worklight project async start = true
[1/20/15 15:00:42:739 CST] 0000002e apache.wink.server.internal.application.ApplicationProcessor I The following JAX-RS application has been processed: com.ibm.ws.jaxrs.webcontainer.JAXRSDefaultApplicationSubclassProxy
[1/20/15 15:00:42:740 CST] 0000002e org.apache.wink.server.internal.log.Resources                I The server has registered the JAX-RS resource class com.worklight.oauth.TokenValidationEndpoint with @Path(/validation).
[1/20/15 15:00:42:740 CST] 0000002e org.apache.wink.server.internal.log.Resources                I The server has registered the JAX-RS resource class com.worklight.oauth.TokenEndpoint with @Path(/token).
[1/20/15 15:00:42:740 CST] 0000002e org.apache.wink.server.internal.log.Providers                I There are no custom JAX-RS providers defined in the application.
[1/20/15 15:00:42:770 CST] 0000002e com.ibm.ws.webcontainer.servlet                              I SRVE0242I: [ReadyAppsSummit] [/ReadyAppsSummit] [AuthorizationServer]: Initialization successful.
[1/20/15 15:00:42:782 CST] 0000002e com.ibm.ws.app.manager.AppMessageHelper                      A CWWKZ0001I: Application ReadyAppsSummit started in 3.840 seconds.
[1/20/15 15:00:42:912 CST] 0000003a com.worklight.server.bundle.project.JeeProjectActivator      I FWLST0001I: Worklight home folder is /Users/blakeball/workspace/ReadyAppsWorkspace/Ready.App.2.Summit/MobileFirstServerConfig/servers/worklight/workarea/org.eclipse.osgi/bundles/79/data/temp/default_node/SMF_WebContainer/ReadyAppsSummit/ReadyAppsSummit [project ReadyAppsSummit]
[1/20/15 15:00:42:937 CST] 0000003a ingframework.context.support.FileSystemXmlApplicationContext I Refreshing org.springframework.context.support.FileSystemXmlApplicationContext@238a3dd: display name [org.springframework.context.support.FileSystemXmlApplicationContext@238a3dd]; startup date [Tue Jan 20 15:00:42 CST 2015]; root of context hierarchy
[1/20/15 15:00:43:023 CST] 0000003a rg.springframework.beans.factory.xml.XmlBeanDefinitionReader I Loading XML bean definitions from URL [wsjar:file:/Users/blakeball/workspace/ReadyAppsWorkspace/Ready.App.2.Summit/MobileFirstServerConfig/shared/resources/worklight-jee-library-6.3.0.jar!/conf/spring-server-core.xml]
[1/20/15 15:00:43:038 CST] 0000002f com.ibm.ws.webcontainer.webapp                               I SRVE0292I: Servlet Message - [worklight-management-service]:.Initializing Spring root WebApplicationContext
[1/20/15 15:00:43:039 CST] 0000002f org.springframework.web.context.ContextLoader                I Root WebApplicationContext: initialization started
[1/20/15 15:00:43:066 CST] 0000002f springframework.web.context.support.XmlWebApplicationContext I Refreshing org.springframework.web.context.support.XmlWebApplicationContext@7322c866: display name [Root WebApplicationContext]; startup date [Tue Jan 20 15:00:43 CST 2015]; root of context hierarchy
[1/20/15 15:00:43:137 CST] 0000002f rg.springframework.beans.factory.xml.XmlBeanDefinitionReader I Loading XML bean definitions from ServletContext resource [/WEB-INF/spring-management-service.xml]
[1/20/15 15:00:43:173 CST] 0000002f springframework.web.context.support.XmlWebApplicationContext I Bean factory for application context [org.springframework.web.context.support.XmlWebApplicationContext@7322c866]: org.springframework.beans.factory.support.DefaultListableBeanFactory@7bdb6e9b
[1/20/15 15:00:43:192 CST] 0000002f ngframework.beans.factory.support.DefaultListableBeanFactory I Pre-instantiating singletons in org.springframework.beans.factory.support.DefaultListableBeanFactory@7bdb6e9b: defining beans [registrationServiceFactory]; root of factory hierarchy
[1/20/15 15:00:43:217 CST] 0000002f com.ibm.worklight.dataaccess.datastore.DataStoreUtil         I getWorklightDataSourceProperties Read properties file. allProperties: {ibm.worklight.admin.db.jndi.name=java:comp/env/jdbc/WorklightAdminDS}
[1/20/15 15:00:43:233 CST] 0000002f com.ibm.worklight.dataaccess.datastore.DataStoreUtil         I Resource conf/jndi/default.properties not found. This is not an error. Context path is /worklightadmin
[1/20/15 15:00:43:240 CST] 0000003a rg.springframework.beans.factory.xml.XmlBeanDefinitionReader I Loading XML bean definitions from URL [wsjar:file:/Users/blakeball/workspace/ReadyAppsWorkspace/Ready.App.2.Summit/MobileFirstServerConfig/shared/resources/worklight-jee-library-6.3.0.jar!/conf/core.xml]
[1/20/15 15:00:43:243 CST] 0000002f com.ibm.worklight.dataaccess.datastore.DataStoreUtil         I dereferenceProperties Handling propName=ibm.worklight.admin.db.jndi.name propValue=java:comp/env/jdbc/WorklightAdminDS
[1/20/15 15:00:43:243 CST] 0000002f com.ibm.worklight.dataaccess.datastore.DataStoreUtil         I dereferenceProperties Handling propName=ibm.worklight.admin.db.openjpa.Log propValue=
[1/20/15 15:00:43:243 CST] 0000002f com.ibm.worklight.dataaccess.datastore.DataStoreUtil         I dereferenceProperties Handling propName=ibm.worklight.admin.db.type propValue=
[1/20/15 15:00:43:256 CST] 0000003a rg.springframework.beans.factory.xml.XmlBeanDefinitionReader I Loading XML bean definitions from URL [wsjar:file:/Users/blakeball/workspace/ReadyAppsWorkspace/Ready.App.2.Summit/MobileFirstServerConfig/shared/resources/worklight-jee-library-6.3.0.jar!/conf/integration.xml]
[1/20/15 15:00:43:266 CST] 0000003a rg.springframework.beans.factory.xml.XmlBeanDefinitionReader I Loading XML bean definitions from URL [wsjar:file:/Users/blakeball/workspace/ReadyAppsWorkspace/Ready.App.2.Summit/MobileFirstServerConfig/shared/resources/worklight-jee-library-6.3.0.jar!/conf/gadgets.xml]
[1/20/15 15:00:43:275 CST] 0000003a rg.springframework.beans.factory.xml.XmlBeanDefinitionReader I Loading XML bean definitions from URL [wsjar:file:/Users/blakeball/workspace/ReadyAppsWorkspace/Ready.App.2.Summit/MobileFirstServerConfig/shared/resources/worklight-jee-library-6.3.0.jar!/conf/pushworks.xml]
[1/20/15 15:00:43:286 CST] 0000003a ngframework.beans.factory.support.DefaultListableBeanFactory I Overriding bean definition for bean 'gadgetCustomizedResourcesRoot': replacing [Generic bean: class [com.worklight.core.util.WorkingDirectory]; scope=singleton; abstract=false; lazyInit=false; autowireMode=0; dependencyCheck=0; autowireCandidate=true; primary=false; factoryBeanName=null; factoryMethodName=null; initMethodName=null; destroyMethodName=null; defined in URL [wsjar:file:/Users/blakeball/workspace/ReadyAppsWorkspace/Ready.App.2.Summit/MobileFirstServerConfig/shared/resources/worklight-jee-library-6.3.0.jar!/conf/gadgets.xml]] with [Generic bean: class [com.worklight.core.util.WorkingDirectory]; scope=singleton; abstract=false; lazyInit=false; autowireMode=0; dependencyCheck=0; autowireCandidate=true; primary=false; factoryBeanName=null; factoryMethodName=null; initMethodName=null; destroyMethodName=null; defined in URL [wsjar:file:/Users/blakeball/workspace/ReadyAppsWorkspace/Ready.App.2.Summit/MobileFirstServerConfig/shared/resources/worklight-jee-library-6.3.0.jar!/conf/spring-server-core.xml]]
[1/20/15 15:00:43:287 CST] 0000003a ngframework.beans.factory.support.DefaultListableBeanFactory I Overriding bean definition for bean 'gadgetResourcesRoot': replacing [Generic bean: class [com.worklight.core.util.WorkingDirectory]; scope=singleton; abstract=false; lazyInit=false; autowireMode=0; dependencyCheck=0; autowireCandidate=true; primary=false; factoryBeanName=null; factoryMethodName=null; initMethodName=null; destroyMethodName=null; defined in URL [wsjar:file:/Users/blakeball/workspace/ReadyAppsWorkspace/Ready.App.2.Summit/MobileFirstServerConfig/shared/resources/worklight-jee-library-6.3.0.jar!/conf/gadgets.xml]] with [Generic bean: class [com.worklight.core.util.WorkingDirectory]; scope=singleton; abstract=false; lazyInit=false; autowireMode=0; dependencyCheck=0; autowireCandidate=true; primary=false; factoryBeanName=null; factoryMethodName=null; initMethodName=null; destroyMethodName=null; defined in URL [wsjar:file:/Users/blakeball/workspace/ReadyAppsWorkspace/Ready.App.2.Summit/MobileFirstServerConfig/shared/resources/worklight-jee-library-6.3.0.jar!/conf/spring-server-core.xml]]
[1/20/15 15:00:43:293 CST] 0000003a ingframework.context.support.FileSystemXmlApplicationContext I Bean factory for application context [org.springframework.context.support.FileSystemXmlApplicationContext@238a3dd]: org.springframework.beans.factory.support.DefaultListableBeanFactory@436ef176
[1/20/15 15:00:43:380 CST] 0000002f com.ibm.ws.recoverylog.spi.RecoveryDirectorImpl              I CWRLS0010I: Performing recovery processing for local WebSphere server (Cell\Node\Server).
[1/20/15 15:00:43:419 CST] 0000002f com.ibm.ws.recoverylog.spi.RecoveryDirectorImpl              I CWRLS0012I: All persistent services have been directed to perform recovery processing for this WebSphere server (Cell\Node\Server).
[1/20/15 15:00:43:421 CST] 0000003d com.ibm.tx.jta.impl.RecoveryManager                          I WTRN0135I: Transaction service recovering no transactions.
[1/20/15 15:00:43:579 CST] 0000003a ngframework.beans.factory.support.DefaultListableBeanFactory I Pre-instantiating singletons in org.springframework.beans.factory.support.DefaultListableBeanFactory@436ef176: defining beans [org.springframework.context.annotation.internalPersistenceAnnotationProcessor,org.springframework.context.annotation.internalCommonAnnotationProcessor,org.springframework.context.annotation.internalAutowiredAnnotationProcessor,org.springframework.context.annotation.internalRequiredAnnotationProcessor,txManager,mailingService,WorkLightNotice,rssBrokerUtils,audit,GenericDAO,clusterSynchronizationDAO,taskCoordinator,taskManager,worklightAuthenticationService,authenticationDAO,ssoDAO,ssoExpiredLoginContextsCleanupTask,keyStoreManager,analyticsHttpService,dataAccessService,shellResourcesService,analyticsService,coreServiceManager,adapterManager,nodeProcessManager,adapterManagementService,factProcessingTask,PlatformUsageProcessingTask,notificationCleanupTask,WSSecurityService,gadgetDAO,deviceDAO,licenseTermsDAO,platformUsageService,configProfileService,gfwProps,gadgetEnvironmentManager,gadgetResourcesRoot,gadgetCustomizedResourcesRoot,applicationMetadataService,applicationManagementService,beaconService,notificationsSimulationManager,pushServiceListener,PushService,worklight-direct,rssBrokerDS,brokerSessionFactory,reportService,reportsDS,reportsBrokerDS,reportsSessionFactory,gadgetReportsDAO,notificationReportsDao,gadgetReportsService,analyticsFactService,nodeInfo,registrationService,runtimeTransactionHandler,projectSyncService]; root of factory hierarchy
[1/20/15 15:00:44:244 CST] 0000002f com.ibm.ws.rsadapter.spi.InternalGenericDataStoreHelper      I DSRA8203I: Database product name : Apache Derby
[1/20/15 15:00:44:244 CST] 0000002f com.ibm.ws.rsadapter.spi.InternalGenericDataStoreHelper      I DSRA8204I: Database product version : 10.8.2.2 - (1181258)
[1/20/15 15:00:44:245 CST] 0000002f com.ibm.ws.rsadapter.spi.InternalGenericDataStoreHelper      I DSRA8205I: JDBC driver name  : Apache Derby Embedded JDBC Driver
[1/20/15 15:00:44:245 CST] 0000002f com.ibm.ws.rsadapter.spi.InternalGenericDataStoreHelper      I DSRA8206I: JDBC driver version  : 10.8.2.2 - (1181258)
[1/20/15 15:00:44:266 CST] 0000003a ringframework.orm.jpa.LocalContainerEntityManagerFactoryBean I Building JPA container EntityManagerFactory for persistence unit 'WorklightPU'
[1/20/15 15:00:44:269 CST] 0000002f com.ibm.worklight.dataaccess.datastore.DataStore             I constructor Creating EntityManagerFactory for persistence-unit=WorklightManagementPU-derby with properties: {openjpa.ConnectionFactory=com.ibm.ws.rsadapter.jdbc.WSJdbcDataSource@56ff8a66, openjpa.jdbc.SynchronizeMappings=buildSchema(SchemaAction='add')}
[1/20/15 15:00:44:512 CST] 0000003a SystemErr                                                    R 25  WorklightPU  WARN   [Thread-18] openjpa.Runtime - An error occurred while registering a ClassTransformer with PersistenceUnitInfo: name 'WorklightPU', root URL [file:/Users/blakeball/workspace/ReadyAppsWorkspace/Ready.App.2.Summit/MobileFirstServerConfig/shared/resources/worklight-jee-library-6.3.0.jar]. The error has been consumed. To see it, set your openjpa.Runtime log level to TRACE. Load-time class transformation will not be available.
[1/20/15 15:00:44:519 CST] 0000002f com.ibm.worklight.dataaccess.datastore.DataStoreUtil         I getWorklightDataSourceProperties Read properties file. allProperties: {ibm.worklight.admin.db.jndi.name=java:comp/env/jdbc/WorklightAdminDS}
[1/20/15 15:00:44:521 CST] 0000002f com.ibm.worklight.dataaccess.datastore.DataStoreUtil         I dereferenceProperties Handling propName=ibm.worklight.admin.db.jndi.name propValue=java:comp/env/jdbc/WorklightAdminDS
[1/20/15 15:00:44:521 CST] 0000002f com.ibm.worklight.dataaccess.datastore.DataStoreUtil         I dereferenceProperties Handling propName=ibm.worklight.admin.db.openjpa.Log propValue=
[1/20/15 15:00:44:522 CST] 0000002f com.ibm.worklight.dataaccess.datastore.DataStoreUtil         I dereferenceProperties Handling propName=ibm.worklight.admin.db.type propValue=
[1/20/15 15:00:44:522 CST] 0000002f com.ibm.worklight.dataaccess.datastore.DataStore             I constructor Creating EntityManagerFactory for persistence-unit=WorklightManagementPU-derby with properties: {openjpa.ConnectionFactory=com.ibm.ws.rsadapter.jdbc.WSJdbcDataSource@56ff8a66, openjpa.jdbc.SynchronizeMappings=buildSchema(SchemaAction='add')}
[1/20/15 15:00:44:551 CST] 0000002f com.worklight.common.util.JNDIUtils                          I Resource conf/jndi/default.properties not found. This is not an error. Context path is __globalscope__
[1/20/15 15:00:44:577 CST] 0000002f com.worklight.common.util.jmx.LibertyJMXRegister             I FWLSE2008I: MBean registration succeeded for: com.worklight.common.server.jmx.api:type=WorklightAdmin,qualifier=worklightadmin
[1/20/15 15:00:44:584 CST] 0000002f SystemErr                                                    R 37  WorklightManagementPU-derby  INFO   [LargeThreadPool-thread-17] openjpa.Runtime - Starting OpenJPA 1.2.2
[1/20/15 15:00:44:702 CST] 0000002f SystemErr                                                    R 155  WorklightManagementPU-derby  INFO   [LargeThreadPool-thread-17] openjpa.jdbc.JDBC - Using dictionary class "org.apache.openjpa.jdbc.sql.DerbyDictionary" (Apache Derby 10.8.2.2 - (1181258) ,Apache Derby Embedded JDBC Driver 10.8.2.2 - (1181258)).
[1/20/15 15:00:44:850 CST] 0000002d com.ibm.ws.webcontainer.osgi.webapp.WebGroup                 I SRVE0169I: Loading Web Module: analytics.
[1/20/15 15:00:44:850 CST] 0000002d com.ibm.ws.webcontainer                                      I SRVE0250I: Web Module analytics has been bound to default_host.
[1/20/15 15:00:44:850 CST] 0000002d com.ibm.ws.http.internal.VirtualHostImpl                     A CWWKT0016I: Web application available (default_host): http://192.168.56.1:10080/worklight-analytics-service/
[1/20/15 15:00:44:918 CST] 0000002d com.ibm.ws.session.WASSessionCore                            I SESN0176I: A new session context will be created for application key default_host/worklight-analytics-service
[1/20/15 15:00:44:918 CST] 0000002d com.ibm.ws.util                                              I SESN0172I: The session manager is using the Java default SecureRandom implementation for session ID generation.
[1/20/15 15:00:45:289 CST] 0000003a SystemErr                                                    R 801  WorklightPU  INFO   [Thread-18] openjpa.Runtime - Starting OpenJPA 1.2.2
[1/20/15 15:00:45:339 CST] 0000003a SystemErr                                                    R 852  WorklightPU  INFO   [Thread-18] openjpa.jdbc.JDBC - Using dictionary class "org.apache.openjpa.jdbc.sql.HSQLDictionary".
[1/20/15 15:00:45:582 CST] 0000002d com.ibm.ws.app.manager.AppMessageHelper                      A CWWKZ0001I: Application WorklightAnalyticsServices started in 6.640 seconds.
[1/20/15 15:00:45:819 CST] 0000002f SystemErr                                                    R 1272  WorklightManagementPU-derby  INFO   [LargeThreadPool-thread-17] openjpa.Runtime - Though you are using optimistic transactions, OpenJPA is now beginning a datastore transaction because you have requested a lock on some data.
[1/20/15 15:00:45:861 CST] 0000002f SystemErr                                                    R 1314  WorklightManagementPU-derby  INFO   [LargeThreadPool-thread-17] openjpa.Runtime - Though you are using optimistic transactions, OpenJPA is now beginning a datastore transaction because you have requested a lock on some data.
[1/20/15 15:00:45:865 CST] 0000002f org.springframework.web.context.ContextLoader                I Root WebApplicationContext: initialization completed in 2826 ms
[1/20/15 15:00:45:866 CST] 0000002f ht.admin.listeners.WorklightManagementServletContextListener I MobileFirst Administration Services servlet context listener initialized
[1/20/15 15:00:45:868 CST] 0000002f ht.admin.listeners.WorklightManagementServletContextListener I FWLSE3199I: ========= MobileFirst Administration Services version 6.3.0.00-20141127-1357 started.
[1/20/15 15:00:45:898 CST] 0000002f org.apache.wink.server.internal.servlet.RestServlet          I The system is using the com.ibm.worklight.admin.services.ManagementServiceServlet JAX-RS application class that is named in the javax.ws.rs.Application init-param initialization parameter.
[1/20/15 15:00:45:954 CST] 0000002f apache.wink.server.internal.application.ApplicationProcessor I The following JAX-RS application has been processed: com.ibm.worklight.admin.services.ManagementServiceServlet
[1/20/15 15:00:45:955 CST] 0000002f org.apache.wink.server.internal.log.Resources                I The server has registered the JAX-RS resource class com.ibm.worklight.admin.services.ManagementService with @Path(/).
[1/20/15 15:00:45:957 CST] 0000002f org.apache.wink.server.internal.log.Providers                I The class com.ibm.worklight.admin.util.ByteArrayWorkaroundProvider was registered as a JAX-RS MessageBodyReader provider for com.ibm.worklight.admin.util.ByteArrayWorkaround Java types and */* media types.
[1/20/15 15:00:45:957 CST] 0000002f org.apache.wink.server.internal.log.Providers                I The class com.ibm.worklight.admin.util.ByteArrayWorkaroundProvider was registered as a JAX-RS MessageBodyWriter provider for com.ibm.worklight.admin.util.ByteArrayWorkaround Java types and */* media types.
[1/20/15 15:00:46:056 CST] 0000002f com.ibm.ws.webcontainer.servlet                              I SRVE0242I: [WorklightServices] [/worklightadmin] [ManagementServlet]: Initialization successful.
[1/20/15 15:00:46:057 CST] 0000002f com.ibm.ws.app.manager.AppMessageHelper                      A CWWKZ0001I: Application WorklightServices started in 7.116 seconds.
[1/20/15 15:00:46:067 CST] 00000017 com.ibm.ws.kernel.feature.internal.FeatureManager            A CWWKF0015I: The server has the following interim fixes installed: PI23168.
[1/20/15 15:00:46:067 CST] 00000017 com.ibm.ws.kernel.feature.internal.FeatureManager            I CWWKF0008I: Feature update completed in 9.141 seconds.
[1/20/15 15:00:46:067 CST] 00000017 com.ibm.ws.kernel.feature.internal.FeatureManager            A CWWKF0011I: The server worklight is ready to run a smarter planet.
[1/20/15 15:00:46:738 CST] 0000003a com.worklight.server.database.api.WorklightDataSource        I FWLSE0187I: jdbc/WorklightReportsDS data source is disabled. No connection opened.  [project ReadyAppsSummit]
[1/20/15 15:00:46:744 CST] 0000003a ringframework.orm.jpa.LocalContainerEntityManagerFactoryBean I Building JPA container EntityManagerFactory for persistence unit 'WorklightReportsPU'
[1/20/15 15:00:46:747 CST] 0000003a SystemErr                                                    R 0  WorklightReportsPU  WARN   [Thread-18] openjpa.Runtime - An error occurred while registering a ClassTransformer with PersistenceUnitInfo: name 'WorklightReportsPU', root URL [file:/Users/blakeball/workspace/ReadyAppsWorkspace/Ready.App.2.Summit/MobileFirstServerConfig/shared/resources/worklight-jee-library-6.3.0.jar]. The error has been consumed. To see it, set your openjpa.Runtime log level to TRACE. Load-time class transformation will not be available.
[1/20/15 15:00:46:771 CST] 0000003a com.worklight.report.impl.GadgetReportsServiceImpl           I FWLSE0186I: Application raw reports are disabled. [project ReadyAppsSummit]
[1/20/15 15:00:46:811 CST] 0000004d SystemErr                                                    R 2379  WorklightManagementPU-derby  INFO   [LargeThreadPool-thread-30] openjpa.Runtime - Starting OpenJPA 1.2.2
[1/20/15 15:00:46:812 CST] 0000004d SystemErr                                                    R 2380  WorklightManagementPU-derby  INFO   [LargeThreadPool-thread-30] openjpa.jdbc.JDBC - Using dictionary class "org.apache.openjpa.jdbc.sql.DerbyDictionary" (Apache Derby 10.8.2.2 - (1181258) ,Apache Derby Embedded JDBC Driver 10.8.2.2 - (1181258)).
[1/20/15 15:00:47:027 CST] 00000054 SystemOut                                                    O com.worklight.analytics.api.AnalyticsHttpService.sendDataToURL target server response code: 200
[1/20/15 15:00:47:028 CST] 00000055 SystemOut                                                    O com.worklight.analytics.api.AnalyticsHttpService.sendDataToURL target server response code: 200
[1/20/15 15:00:47:028 CST] 00000053 SystemOut                                                    O com.worklight.analytics.api.AnalyticsHttpService.sendDataToURL target server response code: 200
[1/20/15 15:00:47:028 CST] 00000050 SystemOut                                                    O com.worklight.analytics.api.AnalyticsHttpService.sendDataToURL target server response code: 200
[1/20/15 15:00:47:028 CST] 0000004e SystemOut                                                    O com.worklight.analytics.api.AnalyticsHttpService.sendDataToURL target server response code: 200
[1/20/15 15:00:47:029 CST] 0000004f SystemOut                                                    O com.worklight.analytics.api.AnalyticsHttpService.sendDataToURL target server response code: 200
[1/20/15 15:00:47:029 CST] 00000051 SystemOut                                                    O com.worklight.analytics.api.AnalyticsHttpService.sendDataToURL target server response code: 200
[1/20/15 15:00:47:029 CST] 00000052 SystemOut                                                    O com.worklight.analytics.api.AnalyticsHttpService.sendDataToURL target server response code: 200
[1/20/15 15:00:47:043 CST] 0000004d com.worklight.common.util.jmx.LibertyRuntimeMBeanHandler     I Establishing REST connection to service:jmx:rest://localhost:10443/IBMJMXConnectorREST
[1/20/15 15:00:47:117 CST] 0000003a com.worklight.common.util.jmx.LibertyJMXRegister             I FWLSE2008I: MBean registration succeeded for: com.worklight.common.server.jmx.api:type=ProjectManagement,qualifier=ReadyAppsSummit [project ReadyAppsSummit]
[1/20/15 15:00:47:131 CST] 00000067 SystemOut                                                    O com.worklight.analytics.api.AnalyticsHttpService.sendDataToURL target server response code: 200
[1/20/15 15:00:47:131 CST] 00000068 SystemOut                                                    O com.worklight.analytics.api.AnalyticsHttpService.sendDataToURL target server response code: 200
[1/20/15 15:00:47:136 CST] 0000003a com.worklight.core.auth.impl.AuthenticationFilter            I FWLSE0273I: Set sync required to 'true' [project ReadyAppsSummit]
[1/20/15 15:00:47:139 CST] 0000003a com.worklight.common.util.jmx.LibertyRuntimeMBeanHandler     I Establishing REST connection to service:jmx:rest://localhost:10443/IBMJMXConnectorREST
[1/20/15 15:00:47:142 CST] 00000050 SystemOut                                                    O com.worklight.analytics.api.AnalyticsHttpService.sendDataToURL target server response code: 200
[1/20/15 15:00:47:144 CST] 0000004e SystemOut                                                    O com.worklight.analytics.api.AnalyticsHttpService.sendDataToURL target server response code: 200
[1/20/15 15:00:47:521 CST] 0000008f com.ibm.worklight.admin.services.ManagementService           I ping service invoked to check if the HTTP(s) port is available
[1/20/15 15:00:47:553 CST] 00000091 SystemErr                                                    R 3018  WorklightManagementPU-derby  INFO   [LargeThreadPool-thread-81] openjpa.Runtime - Starting OpenJPA 1.2.2
[1/20/15 15:00:47:556 CST] 00000091 SystemErr                                                    R 3022  WorklightManagementPU-derby  INFO   [LargeThreadPool-thread-81] openjpa.jdbc.JDBC - Using dictionary class "org.apache.openjpa.jdbc.sql.DerbyDictionary" (Apache Derby 10.8.2.2 - (1181258) ,Apache Derby Embedded JDBC Driver 10.8.2.2 - (1181258)).
[1/20/15 15:00:47:744 CST] 00000091 SystemErr                                                    R 3196  WorklightManagementPU-derby  INFO   [LargeThreadPool-thread-81] openjpa.Runtime - Though you are using optimistic transactions, OpenJPA is now beginning a datastore transaction because you have requested a lock on some data.
[1/20/15 15:00:47:746 CST] 00000091 SystemErr                                                    R 3199  WorklightManagementPU-derby  INFO   [LargeThreadPool-thread-81] openjpa.Runtime - Though you are using optimistic transactions, OpenJPA is now beginning a datastore transaction because you have requested a lock on some data.
[1/20/15 15:00:47:886 CST] 0000003a com.worklight.core.auth.impl.AuthenticationFilter            I FWLSE0273I: Set sync required to 'true' [project ReadyAppsSummit]
[1/20/15 15:00:47:887 CST] 0000003a com.worklight.core.jmx.ProjectSynchronizationBean            I FWLSE0271I: Resources dir '/Users/blakeball/workspace/ReadyAppsWorkspace/Ready.App.2.Summit/MobileFirstServerConfig/servers/worklight/workarea/org.eclipse.osgi/bundles/79/data/temp/default_node/SMF_WebContainer/ReadyAppsSummit/ReadyAppsSummit/widget-resources' is going to be cleaned [project ReadyAppsSummit]
[1/20/15 15:00:47:891 CST] 00000054 SystemOut                                                    O com.worklight.analytics.api.AnalyticsHttpService.sendDataToURL target server response code: 200
[1/20/15 15:00:47:891 CST] 00000053 SystemOut                                                    O com.worklight.analytics.api.AnalyticsHttpService.sendDataToURL target server response code: 200
[1/20/15 15:00:47:975 CST] 0000003a com.worklight.common.util.HttpUtil                           I FWLSE2014I: Downloading a worklight artifact from http://localhost:10080/worklightadmin/otu/1.0/ffffffcbffffffc6ffffffa87efffffff2ffffff9dffffff94234cffffffab17ffffffc239461b26/runtimes/ReadyAppsSummit/downloads/adapters/SummitAdapter [project ReadyAppsSummit]
[1/20/15 15:00:47:979 CST] 0000004f SystemOut                                                    O com.worklight.analytics.api.AnalyticsHttpService.sendDataToURL target server response code: 200
[1/20/15 15:00:48:379 CST] 000000a9 SystemErr                                                    R 3832  WorklightManagementPU-derby  INFO   [LargeThreadPool-thread-105] openjpa.Runtime - Though you are using optimistic transactions, OpenJPA is now beginning a datastore transaction because you have requested a lock on some data.
[1/20/15 15:00:48:385 CST] 000000a9 com.ibm.worklight.admin.jmx.ManagementMXBeanImpl             I Result: ReadyAppsSummit: worklight///9.41.138.101: Runtime was synchronized successfully
[1/20/15 15:00:48:385 CST] 000000a9 com.ibm.worklight.admin.jmx.ManagementMXBeanImpl             I ReadyAppsSummit: worklight///9.41.138.101: 2015-01-20T21:00:48.370Z: Preparation to deploy adapter 'SummitAdapter' finished successfully, SUCCESS
[1/20/15 15:00:48:386 CST] 000000a9 com.ibm.worklight.admin.jmx.ManagementMXBeanImpl             I ReadyAppsSummit: worklight///9.41.138.101: 2015-01-20T21:00:48.370Z: Transaction handler reset
[1/20/15 15:00:48:387 CST] 0000003a com.worklight.core.init.WorklightServletInitializer          I FWLSE0247I: The ReadyAppsSummit project initialization times were: start-firstReadyCheck=2, firstReadyCheck=401, ready for sync=0, sync=849 [project ReadyAppsSummit]
[1/20/15 15:00:48:388 CST] 0000003a com.worklight.core.auth.impl.AuthenticationFilter            I FWLSE0273I: Set sync required to 'false' [project ReadyAppsSummit]
[1/20/15 15:00:48:392 CST] 00000051 SystemOut                                                    O com.worklight.analytics.api.AnalyticsHttpService.sendDataToURL target server response code: 200
[1/20/15 15:00:48:392 CST] 00000055 SystemOut                                                    O com.worklight.analytics.api.AnalyticsHttpService.sendDataToURL target server response code: 200
[1/20/15 15:00:48:408 CST] 0000003a com.worklight.core.ilmt.WorklightILMTLogger                  I FWLSE0278I: The default ILMT directory '/var/ibm/common/slm' cannot be used. [project ReadyAppsSummit]
[1/20/15 15:00:48:409 CST] 0000003a com.worklight.core.ilmt.WorklightILMTLogger                  I FWLSE0282I: Using the ILMT directory '/Users/blakeball/workspace/ReadyAppsWorkspace/Ready.App.2.Summit/MobileFirstServerConfig/servers/worklight/logs'. [project ReadyAppsSummit]
[1/20/15 15:00:48:413 CST] 00000052 SystemOut                                                    O com.worklight.analytics.api.AnalyticsHttpService.sendDataToURL target server response code: 200
[1/20/15 15:00:48:413 CST] 00000067 SystemOut                                                    O com.worklight.analytics.api.AnalyticsHttpService.sendDataToURL target server response code: 200
[1/20/15 15:00:48:416 CST] 0000003a com.worklight.server.bundle.project.JeeProjectActivator      I FWLST0002I: ========= Project /ReadyAppsSummit started. The project WAR file version is 6.3.0.00.20141127-1357,running on server version 6.3.0.00.20141127-1357. [project ReadyAppsSummit]
[1/20/15 15:00:48:420 CST] 00000068 SystemOut                                                    O com.worklight.analytics.api.AnalyticsHttpService.sendDataToURL target server response code: 200
[1/20/15 15:00:48:733 CST] 000000a1 SystemErr                                                    R 4239  WorklightManagementPU-derby  INFO   [LargeThreadPool-thread-97] openjpa.Runtime - Starting OpenJPA 1.2.2
[1/20/15 15:00:48:734 CST] 000000a1 SystemErr                                                    R 4240  WorklightManagementPU-derby  INFO   [LargeThreadPool-thread-97] openjpa.jdbc.JDBC - Using dictionary class "org.apache.openjpa.jdbc.sql.DerbyDictionary" (Apache Derby 10.8.2.2 - (1181258) ,Apache Derby Embedded JDBC Driver 10.8.2.2 - (1181258)).
[1/20/15 15:00:48:836 CST] 000000a1 SystemErr                                                    R 4342  WorklightManagementPU-derby  INFO   [LargeThreadPool-thread-97] openjpa.Runtime - Though you are using optimistic transactions, OpenJPA is now beginning a datastore transaction because you have requested a lock on some data.
[1/20/15 15:00:48:843 CST] 000000a1 SystemErr                                                    R 4349  WorklightManagementPU-derby  INFO   [LargeThreadPool-thread-97] openjpa.Runtime - Though you are using optimistic transactions, OpenJPA is now beginning a datastore transaction because you have requested a lock on some data.
[1/20/15 15:00:48:864 CST] 000000a1 SystemErr                                                    R 4369  WorklightManagementPU-derby  INFO   [LargeThreadPool-thread-97] openjpa.Runtime - Though you are using optimistic transactions, OpenJPA is now beginning a datastore transaction because you have requested a lock on some data.
[1/20/15 15:00:48:942 CST] 000000bb com.worklight.core.jmx.ProjectManagementMXBeanImpl           I FWLSE0275I: Starting transaction with ID 14 for 'deployAdapter'.  [project ReadyAppsSummit]
[1/20/15 15:00:48:947 CST] 00000050 SystemOut                                                    O com.worklight.analytics.api.AnalyticsHttpService.sendDataToURL target server response code: 200
[1/20/15 15:00:48:959 CST] 000000bb com.worklight.common.util.HttpUtil                           I FWLSE2014I: Downloading a worklight artifact from http://9.41.138.101:10080/worklightadmin/otu/1.0/76ffffff82ffffffc86c64ffffffdfffffffc4ffffff98ffffffdc42fffffff240ffffff9603ffffff945e/runtimes/ReadyAppsSummit/downloads/adapters/Temporary317569284 [project ReadyAppsSummit]
[1/20/15 15:00:48:963 CST] 0000004e SystemOut                                                    O com.worklight.analytics.api.AnalyticsHttpService.sendDataToURL target server response code: 200
[1/20/15 15:00:49:179 CST] 000000a1 com.ibm.worklight.admin.actions.BaseTransaction              I Result: ReadyAppsSummit: worklight///9.41.138.101: Preparation to deploy adapter 'SummitAdapter' finished successfully, SUCCESS
[1/20/15 15:00:49:220 CST] 000000c4 com.worklight.core.jmx.ProjectManagementMXBeanImpl           I FWLSE0275I: Starting transaction with ID 14 for 'commit'.  [project ReadyAppsSummit]
[1/20/15 15:00:49:224 CST] 00000054 SystemOut                                                    O com.worklight.analytics.api.AnalyticsHttpService.sendDataToURL target server response code: 200
[1/20/15 15:00:49:225 CST] 000000a1 com.ibm.worklight.admin.actions.BaseTransaction              I Result: ReadyAppsSummit: worklight///9.41.138.101: Commit
[1/20/15 15:00:49:225 CST] 000000a1 com.ibm.worklight.admin.actions.BaseTransaction              I ReadyAppsSummit: worklight///9.41.138.101: 2015-01-20T21:00:49.222Z: Operation to deploy adapter SummitAdapter was commited
[1/20/15 15:00:49:247 CST] 000000a1 SystemErr                                                    R 4753  WorklightManagementPU-derby  INFO   [LargeThreadPool-thread-97] openjpa.Runtime - Though you are using optimistic transactions, OpenJPA is now beginning a datastore transaction because you have requested a lock on some data.
[1/20/15 15:00:49:342 CST] 000000c9 com.ibm.ws.webcontainer.servlet                              I SRVE0242I: [ReadyAppsSummit] [/ReadyAppsSummit] [PreviewServlet]: Initialization successful.
[1/20/15 15:00:49:692 CST] 000000cb com.ibm.ws.webcontainer.servlet                              I SRVE0242I: [ReadyAppsSummit] [/ReadyAppsSummit] [DevRootServlet]: Initialization successful.
[1/20/15 15:01:48:419 CST] 000000b3 com.worklight.core.ilmt.WorklightILMTLogger                  I FWLSE0277I: Creating an ILMT record in the file '/Users/blakeball/workspace/ReadyAppsWorkspace/Ready.App.2.Summit/MobileFirstServerConfig/servers/worklight/logs/b88a9d3d9be97dc502e551a8d98e7320.slmtag'.
